<?xml version="1.0" encoding="UTF-8"?>
<!-- Generated by org.testng.reporters.JUnitReportReporter -->
<testsuite hostname="MOHAMMEDHOSSAIN" failures="0" tests="3" name="TestRunner" time="10.476" errors="0" timestamp="2022-11-03T20:01:05 EDT" skipped="0">
  <testcase classname="TestRunner" name="runScenario" time="2.162"/>
  <system-out/>
  <testcase classname="TestRunner" name="runScenario" time="6.092"/>
  <system-out/>
  <testcase classname="TestRunner" name="runScenario" time="2.222"/>
  <system-out/>
</testsuite> <!-- TestRunner -->
